Arguments: 
  /usr/local/bin/node /usr/local/bin/yarn

PATH: 
  /usr/local/bin:/usr/bin:/bin:/usr/sbin:/sbin

Yarn version: 
  1.22.19

Node version: 
  20.2.0

Platform: 
  darwin x64

Trace: 
  Error [ERR_SOCKET_CONNECTION_TIMEOUT]: Socket connection timeout
      at new NodeError (node:internal/errors:399:5)
      at internalConnectMultiple (node:net:1099:20)
      at Timeout.internalConnectMultipleTimeout (node:net:1638:3)
      at listOnTimeout (node:internal/timers:575:11)
      at process.processTimers (node:internal/timers:514:7)

npm manifest: 
  {
      "name": "threejs-journey-exercise",
      "private": true,
      "version": "0.0.0",
      "type": "module",
      "scripts": {
        "dev": "vite",
        "build": "vite build"
      },
      "devDependencies": {
        "vite": "^4.5.0",
        "vite-plugin-glsl": "^1.1.2"
      },
      "dependencies": {
        "lil-gui": "^0.19.0",
        "three": "^0.158.0"
      }
    }

yarn manifest: 
  No manifest

Lockfile: 
  No lockfile
